{"G:\\Dev\\SYNRGY Academy\\binar-car-rental\\src\\components\\Common\\Alert\\Alert.tsx": {"path":"G:\\Dev\\SYNRGY Academy\\binar-car-rental\\src\\components\\Common\\Alert\\Alert.tsx","statementMap":{"0":{"start":{"line":9,"column":36},"end":{"line":24,"column":1}},"1":{"start":{"line":10,"column":23},"end":{"line":12,"column":46}},"2":{"start":{"line":14,"column":4},"end":{"line":23,"column":6}},"3":{"start":{"line":26,"column":0},"end":{"line":26,"column":21}}},"fnMap":{"0":{"name":"(anonymous_0)","decl":{"start":{"line":9,"column":36},"end":{"line":9,"column":37}},"loc":{"start":{"line":9,"column":69},"end":{"line":24,"column":1}}}},"branchMap":{"0":{"loc":{"start":{"line":10,"column":23},"end":{"line":12,"column":46}},"type":"cond-expr","locations":[{"start":{"line":11,"column":6},"end":{"line":11,"column":52}},{"start":{"line":12,"column":6},"end":{"line":12,"column":46}}]},"1":{"loc":{"start":{"line":16,"column":81},"end":{"line":16,"column":123}},"type":"cond-expr","locations":[{"start":{"line":16,"column":90},"end":{"line":16,"column":106}},{"start":{"line":16,"column":109},"end":{"line":16,"column":123}}]},"2":{"loc":{"start":{"line":18,"column":56},"end":{"line":18,"column":98}},"type":"cond-expr","locations":[{"start":{"line":18,"column":65},"end":{"line":18,"column":81}},{"start":{"line":18,"column":84},"end":{"line":18,"column":98}}]}},"s":{"0":1,"1":0,"2":0,"3":1},"f":{"0":0},"b":{"0":[0,0],"1":[0,0],"2":[0,0]}}
,"G:\\Dev\\SYNRGY Academy\\binar-car-rental\\src\\components\\Common\\Loading\\Loading.tsx": {"path":"G:\\Dev\\SYNRGY Academy\\binar-car-rental\\src\\components\\Common\\Loading\\Loading.tsx","statementMap":{"0":{"start":{"line":3,"column":26},"end":{"line":17,"column":1}},"1":{"start":{"line":4,"column":4},"end":{"line":16,"column":6}},"2":{"start":{"line":19,"column":0},"end":{"line":19,"column":23}}},"fnMap":{"0":{"name":"(anonymous_0)","decl":{"start":{"line":3,"column":26},"end":{"line":3,"column":29}},"loc":{"start":{"line":3,"column":31},"end":{"line":17,"column":1}}}},"branchMap":{},"s":{"0":3,"1":6,"2":3},"f":{"0":6},"b":{}}
,"G:\\Dev\\SYNRGY Academy\\binar-car-rental\\src\\components\\Common\\Modal\\Modal.tsx": {"path":"G:\\Dev\\SYNRGY Academy\\binar-car-rental\\src\\components\\Common\\Modal\\Modal.tsx","statementMap":{"0":{"start":{"line":11,"column":36},"end":{"line":51,"column":1}},"1":{"start":{"line":12,"column":4},"end":{"line":12,"column":27}},"2":{"start":{"line":12,"column":15},"end":{"line":12,"column":27}},"3":{"start":{"line":14,"column":4},"end":{"line":50,"column":6}},"4":{"start":{"line":53,"column":0},"end":{"line":53,"column":21}}},"fnMap":{"0":{"name":"(anonymous_0)","decl":{"start":{"line":11,"column":36},"end":{"line":11,"column":37}},"loc":{"start":{"line":11,"column":85},"end":{"line":51,"column":1}}}},"branchMap":{"0":{"loc":{"start":{"line":12,"column":4},"end":{"line":12,"column":27}},"type":"if","locations":[{"start":{"line":12,"column":4},"end":{"line":12,"column":27}}]}},"s":{"0":1,"1":2,"2":2,"3":0,"4":1},"f":{"0":2},"b":{"0":[2]}}
,"G:\\Dev\\SYNRGY Academy\\binar-car-rental\\src\\components\\Dashboard\\Dashboard.tsx": {"path":"G:\\Dev\\SYNRGY Academy\\binar-car-rental\\src\\components\\Dashboard\\Dashboard.tsx","statementMap":{"0":{"start":{"line":2,"column":0},"end":{"line":2,"column":37}},"1":{"start":{"line":4,"column":28},"end":{"line":21,"column":1}},"2":{"start":{"line":5,"column":4},"end":{"line":20,"column":6}},"3":{"start":{"line":23,"column":0},"end":{"line":23,"column":25}}},"fnMap":{"0":{"name":"(anonymous_1)","decl":{"start":{"line":4,"column":28},"end":{"line":4,"column":31}},"loc":{"start":{"line":4,"column":33},"end":{"line":21,"column":1}}}},"branchMap":{},"s":{"0":1,"1":1,"2":2,"3":1},"f":{"0":2},"b":{}}
,"G:\\Dev\\SYNRGY Academy\\binar-car-rental\\src\\components\\Dashboard\\TableOrder.tsx": {"path":"G:\\Dev\\SYNRGY Academy\\binar-car-rental\\src\\components\\Dashboard\\TableOrder.tsx","statementMap":{"0":{"start":{"line":1,"column":0},"end":{"line":1,"column":51}},"1":{"start":{"line":2,"column":0},"end":{"line":2,"column":40}},"2":{"start":{"line":3,"column":0},"end":{"line":3,"column":37}},"3":{"start":{"line":5,"column":0},"end":{"line":5,"column":54}},"4":{"start":{"line":6,"column":0},"end":{"line":6,"column":52}},"5":{"start":{"line":7,"column":0},"end":{"line":7,"column":47}},"6":{"start":{"line":9,"column":29},"end":{"line":88,"column":1}},"7":{"start":{"line":10,"column":32},"end":{"line":10,"column":53}},"8":{"start":{"line":11,"column":34},"end":{"line":11,"column":57}},"9":{"start":{"line":12,"column":34},"end":{"line":20,"column":null}},"10":{"start":{"line":22,"column":22},"end":{"line":29,"column":null}},"11":{"start":{"line":22,"column":33},"end":{"line":29,"column":null}},"12":{"start":{"line":23,"column":23},"end":{"line":23,"column":47}},"13":{"start":{"line":25,"column":8},"end":{"line":28,"column":null}},"14":{"start":{"line":26,"column":12},"end":{"line":26,"column":30}},"15":{"start":{"line":27,"column":12},"end":{"line":27,"column":30}},"16":{"start":{"line":31,"column":4},"end":{"line":33,"column":11}},"17":{"start":{"line":32,"column":8},"end":{"line":32,"column":20}},"18":{"start":{"line":35,"column":4},"end":{"line":37,"column":null}},"19":{"start":{"line":36,"column":8},"end":{"line":36,"column":null}},"20":{"start":{"line":39,"column":4},"end":{"line":87,"column":6}},"21":{"start":{"line":44,"column":24},"end":{"line":44,"column":40}},"22":{"start":{"line":52,"column":20},"end":{"line":52,"column":null}},"23":{"start":{"line":90,"column":0},"end":{"line":90,"column":26}}},"fnMap":{"0":{"name":"(anonymous_8)","decl":{"start":{"line":9,"column":29},"end":{"line":9,"column":32}},"loc":{"start":{"line":9,"column":34},"end":{"line":88,"column":1}}},"1":{"name":"(anonymous_9)","decl":{"start":{"line":22,"column":22},"end":{"line":22,"column":31}},"loc":{"start":{"line":22,"column":33},"end":{"line":29,"column":null}}},"2":{"name":"(anonymous_10)","decl":{"start":{"line":22,"column":33},"end":{"line":22,"column":null}},"loc":{"start":{"line":22,"column":33},"end":{"line":29,"column":5}}},"3":{"name":"(anonymous_11)","decl":{"start":{"line":31,"column":14},"end":{"line":31,"column":17}},"loc":{"start":{"line":31,"column":19},"end":{"line":33,"column":5}}},"4":{"name":"(anonymous_12)","decl":{"start":{"line":43,"column":37},"end":{"line":43,"column":38}},"loc":{"start":{"line":44,"column":24},"end":{"line":44,"column":40}}},"5":{"name":"(anonymous_13)","decl":{"start":{"line":51,"column":28},"end":{"line":51,"column":29}},"loc":{"start":{"line":52,"column":20},"end":{"line":52,"column":null}}}},"branchMap":{"0":{"loc":{"start":{"line":25,"column":8},"end":{"line":28,"column":null}},"type":"if","locations":[{"start":{"line":25,"column":8},"end":{"line":28,"column":null}}]},"1":{"loc":{"start":{"line":35,"column":4},"end":{"line":37,"column":null}},"type":"if","locations":[{"start":{"line":35,"column":4},"end":{"line":37,"column":null}}]}},"s":{"0":1,"1":1,"2":1,"3":1,"4":1,"5":1,"6":1,"7":6,"8":5,"9":5,"10":5,"11":1,"12":1,"13":1,"14":1,"15":1,"16":5,"17":1,"18":5,"19":1,"20":4,"21":28,"22":4,"23":1},"f":{"0":6,"1":1,"2":1,"3":1,"4":28,"5":4},"b":{"0":[1],"1":[1]}}
,"G:\\Dev\\SYNRGY Academy\\binar-car-rental\\src\\components\\FilterCar\\CardCar.tsx": {"path":"G:\\Dev\\SYNRGY Academy\\binar-car-rental\\src\\components\\FilterCar\\CardCar.tsx","statementMap":{"0":{"start":{"line":2,"column":0},"end":{"line":2,"column":40}},"1":{"start":{"line":3,"column":0},"end":{"line":3,"column":58}},"2":{"start":{"line":5,"column":0},"end":{"line":5,"column":48}},"3":{"start":{"line":12,"column":36},"end":{"line":73,"column":1}},"4":{"start":{"line":13,"column":4},"end":{"line":15,"column":null}},"5":{"start":{"line":14,"column":8},"end":{"line":14,"column":null}},"6":{"start":{"line":17,"column":4},"end":{"line":23,"column":null}},"7":{"start":{"line":18,"column":8},"end":{"line":22,"column":null}},"8":{"start":{"line":25,"column":4},"end":{"line":72,"column":null}},"9":{"start":{"line":28,"column":16},"end":{"line":28,"column":34}},"10":{"start":{"line":75,"column":0},"end":{"line":75,"column":23}}},"fnMap":{"0":{"name":"(anonymous_1)","decl":{"start":{"line":12,"column":36},"end":{"line":12,"column":37}},"loc":{"start":{"line":12,"column":58},"end":{"line":73,"column":1}}},"1":{"name":"(anonymous_2)","decl":{"start":{"line":27,"column":22},"end":{"line":27,"column":25}},"loc":{"start":{"line":28,"column":16},"end":{"line":28,"column":34}}}},"branchMap":{"0":{"loc":{"start":{"line":13,"column":4},"end":{"line":15,"column":null}},"type":"if","locations":[{"start":{"line":13,"column":4},"end":{"line":15,"column":null}}]},"1":{"loc":{"start":{"line":17,"column":4},"end":{"line":23,"column":null}},"type":"if","locations":[{"start":{"line":17,"column":4},"end":{"line":23,"column":null}}]}},"s":{"0":1,"1":1,"2":1,"3":1,"4":10,"5":4,"6":6,"7":0,"8":6,"9":12,"10":1},"f":{"0":10,"1":12},"b":{"0":[4],"1":[0]}}
,"G:\\Dev\\SYNRGY Academy\\binar-car-rental\\src\\components\\FilterCar\\FilterCar.tsx": {"path":"G:\\Dev\\SYNRGY Academy\\binar-car-rental\\src\\components\\FilterCar\\FilterCar.tsx","statementMap":{"0":{"start":{"line":1,"column":0},"end":{"line":1,"column":51}},"1":{"start":{"line":3,"column":0},"end":{"line":3,"column":50}},"2":{"start":{"line":4,"column":0},"end":{"line":4,"column":32}},"3":{"start":{"line":6,"column":28},"end":{"line":133,"column":1}},"4":{"start":{"line":7,"column":28},"end":{"line":7,"column":47}},"5":{"start":{"line":8,"column":40},"end":{"line":8,"column":60}},"6":{"start":{"line":9,"column":28},"end":{"line":9,"column":48}},"7":{"start":{"line":10,"column":28},"end":{"line":10,"column":48}},"8":{"start":{"line":11,"column":36},"end":{"line":11,"column":56}},"9":{"start":{"line":12,"column":32},"end":{"line":12,"column":69}},"10":{"start":{"line":13,"column":34},"end":{"line":13,"column":57}},"11":{"start":{"line":15,"column":20},"end":{"line":22,"column":null}},"12":{"start":{"line":15,"column":31},"end":{"line":22,"column":null}},"13":{"start":{"line":16,"column":23},"end":{"line":16,"column":45}},"14":{"start":{"line":18,"column":8},"end":{"line":21,"column":null}},"15":{"start":{"line":19,"column":12},"end":{"line":19,"column":28}},"16":{"start":{"line":20,"column":12},"end":{"line":20,"column":30}},"17":{"start":{"line":24,"column":27},"end":{"line":30,"column":5}},"18":{"start":{"line":25,"column":51},"end":{"line":25,"column":53}},"19":{"start":{"line":26,"column":8},"end":{"line":26,"column":55}},"20":{"start":{"line":26,"column":19},"end":{"line":26,"column":55}},"21":{"start":{"line":27,"column":8},"end":{"line":27,"column":55}},"22":{"start":{"line":27,"column":19},"end":{"line":27,"column":55}},"23":{"start":{"line":28,"column":8},"end":{"line":28,"column":67}},"24":{"start":{"line":28,"column":23},"end":{"line":28,"column":67}},"25":{"start":{"line":29,"column":8},"end":{"line":29,"column":25}},"26":{"start":{"line":32,"column":23},"end":{"line":40,"column":5}},"27":{"start":{"line":34,"column":25},"end":{"line":38,"column":10}},"28":{"start":{"line":35,"column":12},"end":{"line":36,"column":46}},"29":{"start":{"line":39,"column":8},"end":{"line":39,"column":26}},"30":{"start":{"line":42,"column":25},"end":{"line":50,"column":5}},"31":{"start":{"line":43,"column":31},"end":{"line":43,"column":47}},"32":{"start":{"line":44,"column":8},"end":{"line":47,"column":null}},"33":{"start":{"line":45,"column":12},"end":{"line":45,"column":38}},"34":{"start":{"line":46,"column":12},"end":{"line":46,"column":19}},"35":{"start":{"line":48,"column":8},"end":{"line":48,"column":22}},"36":{"start":{"line":49,"column":8},"end":{"line":49,"column":21}},"37":{"start":{"line":52,"column":4},"end":{"line":54,"column":11}},"38":{"start":{"line":53,"column":8},"end":{"line":53,"column":18}},"39":{"start":{"line":56,"column":4},"end":{"line":132,"column":null}},"40":{"start":{"line":67,"column":49},"end":{"line":67,"column":78}},"41":{"start":{"line":82,"column":49},"end":{"line":82,"column":72}},"42":{"start":{"line":95,"column":49},"end":{"line":95,"column":72}},"43":{"start":{"line":108,"column":49},"end":{"line":108,"column":76}},"44":{"start":{"line":135,"column":0},"end":{"line":135,"column":25}}},"fnMap":{"0":{"name":"(anonymous_8)","decl":{"start":{"line":6,"column":28},"end":{"line":6,"column":31}},"loc":{"start":{"line":6,"column":33},"end":{"line":133,"column":1}}},"1":{"name":"(anonymous_9)","decl":{"start":{"line":15,"column":20},"end":{"line":15,"column":29}},"loc":{"start":{"line":15,"column":31},"end":{"line":22,"column":null}}},"2":{"name":"(anonymous_10)","decl":{"start":{"line":15,"column":31},"end":{"line":15,"column":null}},"loc":{"start":{"line":15,"column":31},"end":{"line":22,"column":5}}},"3":{"name":"(anonymous_11)","decl":{"start":{"line":24,"column":27},"end":{"line":24,"column":30}},"loc":{"start":{"line":24,"column":32},"end":{"line":30,"column":5}}},"4":{"name":"(anonymous_12)","decl":{"start":{"line":32,"column":23},"end":{"line":32,"column":26}},"loc":{"start":{"line":32,"column":28},"end":{"line":40,"column":5}}},"5":{"name":"(anonymous_13)","decl":{"start":{"line":34,"column":37},"end":{"line":34,"column":40}},"loc":{"start":{"line":35,"column":12},"end":{"line":36,"column":46}}},"6":{"name":"(anonymous_14)","decl":{"start":{"line":42,"column":25},"end":{"line":42,"column":28}},"loc":{"start":{"line":42,"column":30},"end":{"line":50,"column":5}}},"7":{"name":"(anonymous_15)","decl":{"start":{"line":52,"column":14},"end":{"line":52,"column":17}},"loc":{"start":{"line":52,"column":19},"end":{"line":54,"column":5}}},"8":{"name":"(anonymous_16)","decl":{"start":{"line":67,"column":42},"end":{"line":67,"column":43}},"loc":{"start":{"line":67,"column":49},"end":{"line":67,"column":78}}},"9":{"name":"(anonymous_17)","decl":{"start":{"line":82,"column":42},"end":{"line":82,"column":43}},"loc":{"start":{"line":82,"column":49},"end":{"line":82,"column":72}}},"10":{"name":"(anonymous_18)","decl":{"start":{"line":95,"column":42},"end":{"line":95,"column":43}},"loc":{"start":{"line":95,"column":49},"end":{"line":95,"column":72}}},"11":{"name":"(anonymous_19)","decl":{"start":{"line":108,"column":42},"end":{"line":108,"column":43}},"loc":{"start":{"line":108,"column":49},"end":{"line":108,"column":76}}}},"branchMap":{"0":{"loc":{"start":{"line":18,"column":8},"end":{"line":21,"column":null}},"type":"if","locations":[{"start":{"line":18,"column":8},"end":{"line":21,"column":null}}]},"1":{"loc":{"start":{"line":26,"column":8},"end":{"line":26,"column":55}},"type":"if","locations":[{"start":{"line":26,"column":8},"end":{"line":26,"column":55}}]},"2":{"loc":{"start":{"line":27,"column":8},"end":{"line":27,"column":55}},"type":"if","locations":[{"start":{"line":27,"column":8},"end":{"line":27,"column":55}}]},"3":{"loc":{"start":{"line":28,"column":8},"end":{"line":28,"column":67}},"type":"if","locations":[{"start":{"line":28,"column":8},"end":{"line":28,"column":67}}]},"4":{"loc":{"start":{"line":35,"column":12},"end":{"line":36,"column":46}},"type":"binary-expr","locations":[{"start":{"line":35,"column":12},"end":{"line":35,"column":25}},{"start":{"line":36,"column":12},"end":{"line":36,"column":46}}]},"5":{"loc":{"start":{"line":44,"column":8},"end":{"line":47,"column":null}},"type":"if","locations":[{"start":{"line":44,"column":8},"end":{"line":47,"column":null}}]},"6":{"loc":{"start":{"line":84,"column":111},"end":{"line":84,"column":146}},"type":"cond-expr","locations":[{"start":{"line":84,"column":125},"end":{"line":84,"column":141}},{"start":{"line":84,"column":144},"end":{"line":84,"column":146}}]},"7":{"loc":{"start":{"line":86,"column":29},"end":{"line":86,"column":97}},"type":"binary-expr","locations":[{"start":{"line":86,"column":29},"end":{"line":86,"column":40}},{"start":{"line":86,"column":44},"end":{"line":86,"column":97}}]},"8":{"loc":{"start":{"line":97,"column":111},"end":{"line":97,"column":146}},"type":"cond-expr","locations":[{"start":{"line":97,"column":125},"end":{"line":97,"column":141}},{"start":{"line":97,"column":144},"end":{"line":97,"column":146}}]},"9":{"loc":{"start":{"line":99,"column":29},"end":{"line":99,"column":97}},"type":"binary-expr","locations":[{"start":{"line":99,"column":29},"end":{"line":99,"column":40}},{"start":{"line":99,"column":44},"end":{"line":99,"column":97}}]},"10":{"loc":{"start":{"line":110,"column":115},"end":{"line":110,"column":154}},"type":"cond-expr","locations":[{"start":{"line":110,"column":133},"end":{"line":110,"column":149}},{"start":{"line":110,"column":152},"end":{"line":110,"column":154}}]},"11":{"loc":{"start":{"line":112,"column":29},"end":{"line":112,"column":105}},"type":"binary-expr","locations":[{"start":{"line":112,"column":29},"end":{"line":112,"column":44}},{"start":{"line":112,"column":48},"end":{"line":112,"column":105}}]}},"s":{"0":1,"1":1,"2":1,"3":1,"4":11,"5":10,"6":10,"7":10,"8":10,"9":10,"10":10,"11":10,"12":3,"13":3,"14":3,"15":3,"16":3,"17":10,"18":1,"19":1,"20":1,"21":1,"22":1,"23":1,"24":1,"25":1,"26":10,"27":0,"28":0,"29":0,"30":10,"31":1,"32":1,"33":1,"34":1,"35":0,"36":0,"37":10,"38":3,"39":10,"40":0,"41":0,"42":0,"43":0,"44":1},"f":{"0":11,"1":3,"2":3,"3":1,"4":0,"5":0,"6":1,"7":3,"8":0,"9":0,"10":0,"11":0},"b":{"0":[3],"1":[1],"2":[1],"3":[1],"4":[0,0],"5":[1],"6":[3,7],"7":[10,3],"8":[3,7],"9":[10,3],"10":[3,7],"11":[10,3]}}
,"G:\\Dev\\SYNRGY Academy\\binar-car-rental\\src\\components\\ListCar\\CardCar.tsx": {"path":"G:\\Dev\\SYNRGY Academy\\binar-car-rental\\src\\components\\ListCar\\CardCar.tsx","statementMap":{"0":{"start":{"line":1,"column":0},"end":{"line":1,"column":51}},"1":{"start":{"line":2,"column":0},"end":{"line":2,"column":40}},"2":{"start":{"line":3,"column":0},"end":{"line":3,"column":86}},"3":{"start":{"line":4,"column":0},"end":{"line":4,"column":74}},"4":{"start":{"line":6,"column":0},"end":{"line":6,"column":48}},"5":{"start":{"line":7,"column":0},"end":{"line":7,"column":42}},"6":{"start":{"line":8,"column":0},"end":{"line":8,"column":42}},"7":{"start":{"line":10,"column":26},"end":{"line":143,"column":1}},"8":{"start":{"line":11,"column":28},"end":{"line":11,"column":53}},"9":{"start":{"line":12,"column":34},"end":{"line":12,"column":57}},"10":{"start":{"line":13,"column":30},"end":{"line":13,"column":54}},"11":{"start":{"line":14,"column":30},"end":{"line":14,"column":50}},"12":{"start":{"line":15,"column":30},"end":{"line":15,"column":54}},"13":{"start":{"line":17,"column":20},"end":{"line":24,"column":null}},"14":{"start":{"line":17,"column":31},"end":{"line":24,"column":null}},"15":{"start":{"line":18,"column":23},"end":{"line":18,"column":51}},"16":{"start":{"line":20,"column":8},"end":{"line":23,"column":null}},"17":{"start":{"line":21,"column":12},"end":{"line":21,"column":28}},"18":{"start":{"line":22,"column":12},"end":{"line":22,"column":30}},"19":{"start":{"line":26,"column":22},"end":{"line":32,"column":null}},"20":{"start":{"line":26,"column":43},"end":{"line":32,"column":null}},"21":{"start":{"line":27,"column":23},"end":{"line":27,"column":49}},"22":{"start":{"line":29,"column":8},"end":{"line":31,"column":null}},"23":{"start":{"line":30,"column":12},"end":{"line":30,"column":22}},"24":{"start":{"line":34,"column":28},"end":{"line":37,"column":5}},"25":{"start":{"line":35,"column":8},"end":{"line":35,"column":23}},"26":{"start":{"line":36,"column":8},"end":{"line":36,"column":21}},"27":{"start":{"line":39,"column":32},"end":{"line":45,"column":5}},"28":{"start":{"line":40,"column":8},"end":{"line":42,"column":null}},"29":{"start":{"line":41,"column":12},"end":{"line":41,"column":29}},"30":{"start":{"line":43,"column":8},"end":{"line":43,"column":null}},"31":{"start":{"line":44,"column":8},"end":{"line":44,"column":24}},"32":{"start":{"line":47,"column":4},"end":{"line":49,"column":11}},"33":{"start":{"line":48,"column":8},"end":{"line":48,"column":18}},"34":{"start":{"line":51,"column":4},"end":{"line":53,"column":null}},"35":{"start":{"line":52,"column":8},"end":{"line":52,"column":null}},"36":{"start":{"line":55,"column":4},"end":{"line":142,"column":6}},"37":{"start":{"line":61,"column":35},"end":{"line":61,"column":50}},"38":{"start":{"line":66,"column":20},"end":{"line":66,"column":38}},"39":{"start":{"line":109,"column":47},"end":{"line":109,"column":70}},"40":{"start":{"line":135,"column":35},"end":{"line":135,"column":50}},"41":{"start":{"line":145,"column":0},"end":{"line":145,"column":23}}},"fnMap":{"0":{"name":"(anonymous_8)","decl":{"start":{"line":10,"column":26},"end":{"line":10,"column":29}},"loc":{"start":{"line":10,"column":31},"end":{"line":143,"column":1}}},"1":{"name":"(anonymous_9)","decl":{"start":{"line":17,"column":20},"end":{"line":17,"column":29}},"loc":{"start":{"line":17,"column":31},"end":{"line":24,"column":null}}},"2":{"name":"(anonymous_10)","decl":{"start":{"line":17,"column":31},"end":{"line":17,"column":null}},"loc":{"start":{"line":17,"column":31},"end":{"line":24,"column":5}}},"3":{"name":"(anonymous_11)","decl":{"start":{"line":26,"column":22},"end":{"line":26,"column":29}},"loc":{"start":{"line":26,"column":43},"end":{"line":32,"column":null}}},"4":{"name":"(anonymous_12)","decl":{"start":{"line":26,"column":43},"end":{"line":26,"column":null}},"loc":{"start":{"line":26,"column":43},"end":{"line":32,"column":5}}},"5":{"name":"(anonymous_13)","decl":{"start":{"line":34,"column":28},"end":{"line":34,"column":29}},"loc":{"start":{"line":34,"column":43},"end":{"line":37,"column":5}}},"6":{"name":"(anonymous_14)","decl":{"start":{"line":39,"column":32},"end":{"line":39,"column":35}},"loc":{"start":{"line":39,"column":37},"end":{"line":45,"column":5}}},"7":{"name":"(anonymous_15)","decl":{"start":{"line":47,"column":14},"end":{"line":47,"column":17}},"loc":{"start":{"line":47,"column":19},"end":{"line":49,"column":5}}},"8":{"name":"(anonymous_16)","decl":{"start":{"line":61,"column":29},"end":{"line":61,"column":32}},"loc":{"start":{"line":61,"column":35},"end":{"line":61,"column":50}}},"9":{"name":"(anonymous_17)","decl":{"start":{"line":65,"column":26},"end":{"line":65,"column":29}},"loc":{"start":{"line":66,"column":20},"end":{"line":66,"column":38}}},"10":{"name":"(anonymous_18)","decl":{"start":{"line":109,"column":41},"end":{"line":109,"column":44}},"loc":{"start":{"line":109,"column":47},"end":{"line":109,"column":70}}},"11":{"name":"(anonymous_19)","decl":{"start":{"line":135,"column":29},"end":{"line":135,"column":32}},"loc":{"start":{"line":135,"column":35},"end":{"line":135,"column":50}}}},"branchMap":{"0":{"loc":{"start":{"line":20,"column":8},"end":{"line":23,"column":null}},"type":"if","locations":[{"start":{"line":20,"column":8},"end":{"line":23,"column":null}}]},"1":{"loc":{"start":{"line":29,"column":8},"end":{"line":31,"column":null}},"type":"if","locations":[{"start":{"line":29,"column":8},"end":{"line":31,"column":null}}]},"2":{"loc":{"start":{"line":40,"column":8},"end":{"line":42,"column":null}},"type":"if","locations":[{"start":{"line":40,"column":8},"end":{"line":42,"column":null}}]},"3":{"loc":{"start":{"line":51,"column":4},"end":{"line":53,"column":null}},"type":"if","locations":[{"start":{"line":51,"column":4},"end":{"line":53,"column":null}}]},"4":{"loc":{"start":{"line":57,"column":14},"end":{"line":61,"column":null}},"type":"binary-expr","locations":[{"start":{"line":57,"column":14},"end":{"line":57,"column":19}},{"start":{"line":58,"column":16},"end":{"line":61,"column":null}}]},"5":{"loc":{"start":{"line":67,"column":25},"end":{"line":73,"column":null}},"type":"binary-expr","locations":[{"start":{"line":67,"column":25},"end":{"line":67,"column":46}},{"start":{"line":68,"column":28},"end":{"line":72,"column":null}}]}},"s":{"0":1,"1":1,"2":1,"3":1,"4":1,"5":1,"6":1,"7":1,"8":4,"9":3,"10":3,"11":3,"12":3,"13":3,"14":1,"15":1,"16":1,"17":1,"18":1,"19":3,"20":0,"21":0,"22":0,"23":0,"24":3,"25":0,"26":0,"27":3,"28":0,"29":0,"30":0,"31":0,"32":3,"33":1,"34":3,"35":1,"36":2,"37":0,"38":2,"39":0,"40":0,"41":1},"f":{"0":4,"1":1,"2":1,"3":0,"4":0,"5":0,"6":0,"7":1,"8":0,"9":2,"10":0,"11":0},"b":{"0":[1],"1":[0],"2":[0],"3":[1],"4":[2,0],"5":[2,0]}}
,"G:\\Dev\\SYNRGY Academy\\binar-car-rental\\src\\utils\\formatDate.tsx": {"path":"G:\\Dev\\SYNRGY Academy\\binar-car-rental\\src\\utils\\formatDate.tsx","statementMap":{"0":{"start":{"line":1,"column":19},"end":{"line":4,"column":1}},"1":{"start":{"line":2,"column":17},"end":{"line":2,"column":36}},"2":{"start":{"line":3,"column":4},"end":{"line":3,"column":33}},"3":{"start":{"line":6,"column":9},"end":{"line":6,"column":19}}},"fnMap":{"0":{"name":"(anonymous_0)","decl":{"start":{"line":1,"column":19},"end":{"line":1,"column":20}},"loc":{"start":{"line":1,"column":41},"end":{"line":4,"column":1}}}},"branchMap":{},"s":{"0":2,"1":1,"2":1,"3":2},"f":{"0":1},"b":{}}
}
