TN:
SF:src\components\Common\Alert\Alert.tsx
FN:9,(anonymous_0)
FNF:1
FNH:0
FNDA:0,(anonymous_0)
DA:9,1
DA:10,0
DA:14,0
DA:26,1
LF:4
LH:2
BRDA:10,0,0,0
BRDA:10,0,1,0
BRDA:16,1,0,0
BRDA:16,1,1,0
BRDA:18,2,0,0
BRDA:18,2,1,0
BRF:6
BRH:0
end_of_record
TN:
SF:src\components\Common\Loading\Loading.tsx
FN:3,(anonymous_0)
FNF:1
FNH:1
FNDA:6,(anonymous_0)
DA:3,3
DA:4,6
DA:19,3
LF:3
LH:3
BRF:0
BRH:0
end_of_record
TN:
SF:src\components\Common\Modal\Modal.tsx
FN:11,(anonymous_0)
FNF:1
FNH:1
FNDA:2,(anonymous_0)
DA:11,1
DA:12,2
DA:14,0
DA:53,1
LF:4
LH:3
BRDA:12,0,0,2
BRF:1
BRH:1
end_of_record
TN:
SF:src\components\Dashboard\Dashboard.tsx
FN:4,(anonymous_1)
FNF:1
FNH:1
FNDA:2,(anonymous_1)
DA:2,1
DA:4,1
DA:5,2
DA:23,1
LF:4
LH:4
BRF:0
BRH:0
end_of_record
TN:
SF:src\components\Dashboard\TableOrder.tsx
FN:9,(anonymous_8)
FN:22,(anonymous_9)
FN:22,(anonymous_10)
FN:31,(anonymous_11)
FN:43,(anonymous_12)
FN:51,(anonymous_13)
FNF:6
FNH:6
FNDA:6,(anonymous_8)
FNDA:1,(anonymous_9)
FNDA:1,(anonymous_10)
FNDA:1,(anonymous_11)
FNDA:28,(anonymous_12)
FNDA:4,(anonymous_13)
DA:1,1
DA:2,1
DA:3,1
DA:5,1
DA:6,1
DA:7,1
DA:9,1
DA:10,6
DA:11,5
DA:12,5
DA:22,5
DA:23,1
DA:25,1
DA:26,1
DA:27,1
DA:31,5
DA:32,1
DA:35,5
DA:36,1
DA:39,4
DA:44,28
DA:52,4
DA:90,1
LF:23
LH:23
BRDA:25,0,0,1
BRDA:35,1,0,1
BRF:2
BRH:2
end_of_record
TN:
SF:src\components\FilterCar\CardCar.tsx
FN:12,(anonymous_1)
FN:27,(anonymous_2)
FNF:2
FNH:2
FNDA:10,(anonymous_1)
FNDA:12,(anonymous_2)
DA:2,1
DA:3,1
DA:5,1
DA:12,1
DA:13,10
DA:14,4
DA:17,6
DA:18,0
DA:25,6
DA:28,12
DA:75,1
LF:11
LH:10
BRDA:13,0,0,4
BRDA:17,1,0,0
BRF:2
BRH:1
end_of_record
TN:
SF:src\components\FilterCar\FilterCar.tsx
FN:6,(anonymous_8)
FN:15,(anonymous_9)
FN:15,(anonymous_10)
FN:24,(anonymous_11)
FN:32,(anonymous_12)
FN:34,(anonymous_13)
FN:42,(anonymous_14)
FN:52,(anonymous_15)
FN:67,(anonymous_16)
FN:82,(anonymous_17)
FN:95,(anonymous_18)
FN:108,(anonymous_19)
FNF:12
FNH:6
FNDA:11,(anonymous_8)
FNDA:3,(anonymous_9)
FNDA:3,(anonymous_10)
FNDA:1,(anonymous_11)
FNDA:0,(anonymous_12)
FNDA:0,(anonymous_13)
FNDA:1,(anonymous_14)
FNDA:3,(anonymous_15)
FNDA:0,(anonymous_16)
FNDA:0,(anonymous_17)
FNDA:0,(anonymous_18)
FNDA:0,(anonymous_19)
DA:1,1
DA:3,1
DA:4,1
DA:6,1
DA:7,11
DA:8,10
DA:9,10
DA:10,10
DA:11,10
DA:12,10
DA:13,10
DA:15,10
DA:16,3
DA:18,3
DA:19,3
DA:20,3
DA:24,10
DA:25,1
DA:26,1
DA:27,1
DA:28,1
DA:29,1
DA:32,10
DA:34,0
DA:35,0
DA:39,0
DA:42,10
DA:43,1
DA:44,1
DA:45,1
DA:46,1
DA:48,0
DA:49,0
DA:52,10
DA:53,3
DA:56,10
DA:67,0
DA:82,0
DA:95,0
DA:108,0
DA:135,1
LF:41
LH:32
BRDA:18,0,0,3
BRDA:26,1,0,1
BRDA:27,2,0,1
BRDA:28,3,0,1
BRDA:35,4,0,0
BRDA:35,4,1,0
BRDA:44,5,0,1
BRDA:84,6,0,3
BRDA:84,6,1,7
BRDA:86,7,0,10
BRDA:86,7,1,3
BRDA:97,8,0,3
BRDA:97,8,1,7
BRDA:99,9,0,10
BRDA:99,9,1,3
BRDA:110,10,0,3
BRDA:110,10,1,7
BRDA:112,11,0,10
BRDA:112,11,1,3
BRF:19
BRH:17
end_of_record
TN:
SF:src\components\ListCar\CardCar.tsx
FN:10,(anonymous_8)
FN:17,(anonymous_9)
FN:17,(anonymous_10)
FN:26,(anonymous_11)
FN:26,(anonymous_12)
FN:34,(anonymous_13)
FN:39,(anonymous_14)
FN:47,(anonymous_15)
FN:61,(anonymous_16)
FN:65,(anonymous_17)
FN:109,(anonymous_18)
FN:135,(anonymous_19)
FNF:12
FNH:5
FNDA:4,(anonymous_8)
FNDA:1,(anonymous_9)
FNDA:1,(anonymous_10)
FNDA:0,(anonymous_11)
FNDA:0,(anonymous_12)
FNDA:0,(anonymous_13)
FNDA:0,(anonymous_14)
FNDA:1,(anonymous_15)
FNDA:0,(anonymous_16)
FNDA:2,(anonymous_17)
FNDA:0,(anonymous_18)
FNDA:0,(anonymous_19)
DA:1,1
DA:2,1
DA:3,1
DA:4,1
DA:6,1
DA:7,1
DA:8,1
DA:10,1
DA:11,4
DA:12,3
DA:13,3
DA:14,3
DA:15,3
DA:17,3
DA:18,1
DA:20,1
DA:21,1
DA:22,1
DA:26,3
DA:27,0
DA:29,0
DA:30,0
DA:34,3
DA:35,0
DA:36,0
DA:39,3
DA:40,0
DA:41,0
DA:43,0
DA:44,0
DA:47,3
DA:48,1
DA:51,3
DA:52,1
DA:55,2
DA:61,0
DA:66,2
DA:109,0
DA:135,0
DA:145,1
LF:40
LH:28
BRDA:20,0,0,1
BRDA:29,1,0,0
BRDA:40,2,0,0
BRDA:51,3,0,1
BRDA:57,4,0,2
BRDA:57,4,1,0
BRDA:67,5,0,2
BRDA:67,5,1,0
BRF:8
BRH:4
end_of_record
TN:
SF:src\utils\formatDate.tsx
FN:1,(anonymous_0)
FNF:1
FNH:1
FNDA:1,(anonymous_0)
DA:1,2
DA:2,1
DA:3,1
DA:6,2
LF:4
LH:4
BRF:0
BRH:0
end_of_record
